<?xml version="1.0" encoding="UTF-8"?>
<testng-results skipped="0" failed="0" total="0" passed="0">
  <reporter-output>
  </reporter-output>
  <suite name="AvroSerialDemoTest" duration-ms="2" started-at="2020-06-23T03:35:55Z" finished-at="2020-06-23T03:35:55Z">
    <groups>
    </groups>
    <test name="Command line test" duration-ms="2" started-at="2020-06-23T03:35:55Z" finished-at="2020-06-23T03:35:55Z">
    </test> <!-- Command line test -->
  </suite> <!-- AvroSerialDemoTest -->
</testng-results>
